{"/Users/rockgomes/Dev/Inbank/inbank-loan-app/src/assets/inbank-logo-full.svg": {"path":"/Users/rockgomes/Dev/Inbank/inbank-loan-app/src/assets/inbank-logo-full.svg","statementMap":{},"fnMap":{},"branchMap":{},"s":{},"f":{},"b":{},"meta":{"lastBranch":0,"lastFunction":0,"lastStatement":0,"seen":{}}}
,"/Users/rockgomes/Dev/Inbank/inbank-loan-app/src/assets/inbank-logo-small.svg": {"path":"/Users/rockgomes/Dev/Inbank/inbank-loan-app/src/assets/inbank-logo-small.svg","statementMap":{},"fnMap":{},"branchMap":{},"s":{},"f":{},"b":{},"meta":{"lastBranch":0,"lastFunction":0,"lastStatement":0,"seen":{}}}
,"/Users/rockgomes/Dev/Inbank/inbank-loan-app/src/components/layout/Header/Header.module.css": {"path":"/Users/rockgomes/Dev/Inbank/inbank-loan-app/src/components/layout/Header/Header.module.css","statementMap":{},"fnMap":{},"branchMap":{},"s":{},"f":{},"b":{},"meta":{"lastBranch":0,"lastFunction":0,"lastStatement":0,"seen":{}}}
,"/Users/rockgomes/Dev/Inbank/inbank-loan-app/src/components/layout/Header/Header.tsx": {"path":"/Users/rockgomes/Dev/Inbank/inbank-loan-app/src/components/layout/Header/Header.tsx","statementMap":{"0":{"start":{"line":13,"column":18},"end":{"line":25,"column":null}},"1":{"start":{"line":14,"column":2},"end":{"line":25,"column":null}},"2":{"start":{"line":28,"column":24},"end":{"line":40,"column":null}},"3":{"start":{"line":29,"column":2},"end":{"line":40,"column":null}},"4":{"start":{"line":48,"column":42},"end":{"line":48,"column":null}},"5":{"start":{"line":49,"column":32},"end":{"line":49,"column":null}},"6":{"start":{"line":51,"column":31},"end":{"line":54,"column":null}},"7":{"start":{"line":52,"column":4},"end":{"line":52,"column":null}},"8":{"start":{"line":53,"column":4},"end":{"line":53,"column":null}},"9":{"start":{"line":56,"column":2},"end":{"line":117,"column":null}},"10":{"start":{"line":76,"column":14},"end":{"line":83,"column":null}},"11":{"start":{"line":79,"column":31},"end":{"line":79,"column":null}},"12":{"start":{"line":91,"column":29},"end":{"line":91,"column":null}},"13":{"start":{"line":101,"column":18},"end":{"line":110,"column":null}},"14":{"start":{"line":104,"column":37},"end":{"line":104,"column":null}}},"fnMap":{"0":{"name":"(anonymous_0)","decl":{"start":{"line":13,"column":18},"end":{"line":13,"column":null}},"loc":{"start":{"line":14,"column":2},"end":{"line":25,"column":null}},"line":14},"1":{"name":"(anonymous_1)","decl":{"start":{"line":28,"column":24},"end":{"line":28,"column":null}},"loc":{"start":{"line":29,"column":2},"end":{"line":40,"column":null}},"line":29},"2":{"name":"Header","decl":{"start":{"line":43,"column":16},"end":{"line":43,"column":23}},"loc":{"start":{"line":47,"column":16},"end":{"line":119,"column":null}},"line":47},"3":{"name":"(anonymous_3)","decl":{"start":{"line":51,"column":31},"end":{"line":51,"column":32}},"loc":{"start":{"line":51,"column":55},"end":{"line":54,"column":null}},"line":51},"4":{"name":"(anonymous_4)","decl":{"start":{"line":75,"column":27},"end":{"line":75,"column":28}},"loc":{"start":{"line":76,"column":14},"end":{"line":83,"column":null}},"line":76},"5":{"name":"(anonymous_5)","decl":{"start":{"line":79,"column":25},"end":{"line":79,"column":31}},"loc":{"start":{"line":79,"column":31},"end":{"line":79,"column":null}},"line":79},"6":{"name":"(anonymous_6)","decl":{"start":{"line":91,"column":23},"end":{"line":91,"column":29}},"loc":{"start":{"line":91,"column":29},"end":{"line":91,"column":null}},"line":91},"7":{"name":"(anonymous_7)","decl":{"start":{"line":100,"column":31},"end":{"line":100,"column":32}},"loc":{"start":{"line":101,"column":18},"end":{"line":110,"column":null}},"line":101},"8":{"name":"(anonymous_8)","decl":{"start":{"line":104,"column":31},"end":{"line":104,"column":37}},"loc":{"start":{"line":104,"column":37},"end":{"line":104,"column":null}},"line":104}},"branchMap":{"0":{"loc":{"start":{"line":44,"column":2},"end":{"line":44,"column":null}},"type":"default-arg","locations":[{"start":{"line":44,"column":20},"end":{"line":44,"column":null}}],"line":44},"1":{"loc":{"start":{"line":46,"column":2},"end":{"line":46,"column":null}},"type":"default-arg","locations":[{"start":{"line":46,"column":16},"end":{"line":46,"column":null}}],"line":46},"2":{"loc":{"start":{"line":78,"column":52},"end":{"line":78,"column":97}},"type":"cond-expr","locations":[{"start":{"line":78,"column":79},"end":{"line":78,"column":95}},{"start":{"line":78,"column":95},"end":{"line":78,"column":97}}],"line":78},"3":{"loc":{"start":{"line":98,"column":13},"end":{"line":112,"column":null}},"type":"binary-expr","locations":[{"start":{"line":98,"column":13},"end":{"line":98,"column":null}},{"start":{"line":99,"column":14},"end":{"line":112,"column":null}}],"line":98},"4":{"loc":{"start":{"line":103,"column":59},"end":{"line":103,"column":104}},"type":"cond-expr","locations":[{"start":{"line":103,"column":86},"end":{"line":103,"column":102}},{"start":{"line":103,"column":102},"end":{"line":103,"column":104}}],"line":103}},"s":{"0":1,"1":37,"2":1,"3":37,"4":37,"5":37,"6":37,"7":0,"8":0,"9":37,"10":111,"11":0,"12":0,"13":0,"14":0},"f":{"0":37,"1":37,"2":37,"3":0,"4":111,"5":0,"6":0,"7":0,"8":0},"b":{"0":[37],"1":[37],"2":[37,74],"3":[37,0],"4":[0,0]},"meta":{"lastBranch":5,"lastFunction":9,"lastStatement":15,"seen":{"s:13:18:25:Infinity":0,"f:13:18:13:Infinity":0,"s:14:2:25:Infinity":1,"s:28:24:40:Infinity":2,"f:28:24:28:Infinity":1,"s:29:2:40:Infinity":3,"f:43:16:43:23":2,"b:44:20:44:Infinity":0,"b:46:16:46:Infinity":1,"s:48:42:48:Infinity":4,"s:49:32:49:Infinity":5,"s:51:31:54:Infinity":6,"f:51:31:51:32":3,"s:52:4:52:Infinity":7,"s:53:4:53:Infinity":8,"s:56:2:117:Infinity":9,"f:75:27:75:28":4,"s:76:14:83:Infinity":10,"b:78:79:78:95:78:95:78:97":2,"f:79:25:79:31":5,"s:79:31:79:Infinity":11,"f:91:23:91:29":6,"s:91:29:91:Infinity":12,"b:98:13:98:Infinity:99:14:112:Infinity":3,"f:100:31:100:32":7,"s:101:18:110:Infinity":13,"b:103:86:103:102:103:102:103:104":4,"f:104:31:104:37":8,"s:104:37:104:Infinity":14}}}
,"/Users/rockgomes/Dev/Inbank/inbank-loan-app/src/components/layout/Header/index.ts": {"path":"/Users/rockgomes/Dev/Inbank/inbank-loan-app/src/components/layout/Header/index.ts","statementMap":{},"fnMap":{},"branchMap":{},"s":{},"f":{},"b":{},"meta":{"lastBranch":0,"lastFunction":0,"lastStatement":0,"seen":{}}}
,"/Users/rockgomes/Dev/Inbank/inbank-loan-app/src/components/layout/PageLayout/PageLayout.module.css": {"path":"/Users/rockgomes/Dev/Inbank/inbank-loan-app/src/components/layout/PageLayout/PageLayout.module.css","statementMap":{},"fnMap":{},"branchMap":{},"s":{},"f":{},"b":{},"meta":{"lastBranch":0,"lastFunction":0,"lastStatement":0,"seen":{}}}
,"/Users/rockgomes/Dev/Inbank/inbank-loan-app/src/components/layout/PageLayout/PageLayout.tsx": {"path":"/Users/rockgomes/Dev/Inbank/inbank-loan-app/src/components/layout/PageLayout/PageLayout.tsx","statementMap":{"0":{"start":{"line":16,"column":21},"end":{"line":18,"column":null}},"1":{"start":{"line":20,"column":2},"end":{"line":27,"column":null}}},"fnMap":{"0":{"name":"PageLayout","decl":{"start":{"line":10,"column":16},"end":{"line":10,"column":27}},"loc":{"start":{"line":15,"column":20},"end":{"line":29,"column":null}},"line":15}},"branchMap":{"0":{"loc":{"start":{"line":12,"column":2},"end":{"line":12,"column":null}},"type":"default-arg","locations":[{"start":{"line":12,"column":15},"end":{"line":12,"column":null}}],"line":12},"1":{"loc":{"start":{"line":22,"column":7},"end":{"line":22,"column":null}},"type":"binary-expr","locations":[{"start":{"line":22,"column":7},"end":{"line":22,"column":21}},{"start":{"line":22,"column":21},"end":{"line":22,"column":null}}],"line":22}},"s":{"0":37,"1":37},"f":{"0":37},"b":{"0":[37],"1":[37,37]},"meta":{"lastBranch":2,"lastFunction":1,"lastStatement":2,"seen":{"f:10:16:10:27":0,"b:12:15:12:Infinity":0,"s:16:21:18:Infinity":0,"s:20:2:27:Infinity":1,"b:22:7:22:21:22:21:22:Infinity":1}}}
,"/Users/rockgomes/Dev/Inbank/inbank-loan-app/src/components/layout/PageLayout/index.ts": {"path":"/Users/rockgomes/Dev/Inbank/inbank-loan-app/src/components/layout/PageLayout/index.ts","statementMap":{},"fnMap":{},"branchMap":{},"s":{},"f":{},"b":{},"meta":{"lastBranch":0,"lastFunction":0,"lastStatement":0,"seen":{}}}
,"/Users/rockgomes/Dev/Inbank/inbank-loan-app/src/components/layout/PageTitle/PageTitle.module.css": {"path":"/Users/rockgomes/Dev/Inbank/inbank-loan-app/src/components/layout/PageTitle/PageTitle.module.css","statementMap":{},"fnMap":{},"branchMap":{},"s":{},"f":{},"b":{},"meta":{"lastBranch":0,"lastFunction":0,"lastStatement":0,"seen":{}}}
,"/Users/rockgomes/Dev/Inbank/inbank-loan-app/src/components/layout/PageTitle/PageTitle.tsx": {"path":"/Users/rockgomes/Dev/Inbank/inbank-loan-app/src/components/layout/PageTitle/PageTitle.tsx","statementMap":{"0":{"start":{"line":17,"column":21},"end":{"line":19,"column":null}},"1":{"start":{"line":21,"column":2},"end":{"line":28,"column":null}}},"fnMap":{"0":{"name":"PageTitle","decl":{"start":{"line":10,"column":16},"end":{"line":10,"column":26}},"loc":{"start":{"line":16,"column":19},"end":{"line":30,"column":null}},"line":16}},"branchMap":{"0":{"loc":{"start":{"line":24,"column":9},"end":{"line":24,"column":null}},"type":"binary-expr","locations":[{"start":{"line":24,"column":9},"end":{"line":24,"column":24}},{"start":{"line":24,"column":24},"end":{"line":24,"column":null}}],"line":24},"1":{"loc":{"start":{"line":25,"column":9},"end":{"line":25,"column":null}},"type":"binary-expr","locations":[{"start":{"line":25,"column":9},"end":{"line":25,"column":18}},{"start":{"line":25,"column":18},"end":{"line":25,"column":null}}],"line":25},"2":{"loc":{"start":{"line":27,"column":7},"end":{"line":27,"column":null}},"type":"binary-expr","locations":[{"start":{"line":27,"column":7},"end":{"line":27,"column":19}},{"start":{"line":27,"column":19},"end":{"line":27,"column":null}}],"line":27}},"s":{"0":37,"1":37},"f":{"0":37},"b":{"0":[37,0],"1":[37,37],"2":[37,37]},"meta":{"lastBranch":3,"lastFunction":1,"lastStatement":2,"seen":{"f:10:16:10:26":0,"s:17:21:19:Infinity":0,"s:21:2:28:Infinity":1,"b:24:9:24:24:24:24:24:Infinity":0,"b:25:9:25:18:25:18:25:Infinity":1,"b:27:7:27:19:27:19:27:Infinity":2}}}
,"/Users/rockgomes/Dev/Inbank/inbank-loan-app/src/components/layout/PageTitle/index.ts": {"path":"/Users/rockgomes/Dev/Inbank/inbank-loan-app/src/components/layout/PageTitle/index.ts","statementMap":{},"fnMap":{},"branchMap":{},"s":{},"f":{},"b":{},"meta":{"lastBranch":0,"lastFunction":0,"lastStatement":0,"seen":{}}}
,"/Users/rockgomes/Dev/Inbank/inbank-loan-app/src/components/loan/AdditionalInfoSection/AdditionalInfoSection.module.css": {"path":"/Users/rockgomes/Dev/Inbank/inbank-loan-app/src/components/loan/AdditionalInfoSection/AdditionalInfoSection.module.css","statementMap":{},"fnMap":{},"branchMap":{},"s":{},"f":{},"b":{},"meta":{"lastBranch":0,"lastFunction":0,"lastStatement":0,"seen":{}}}
,"/Users/rockgomes/Dev/Inbank/inbank-loan-app/src/components/loan/AdditionalInfoSection/AdditionalInfoSection.tsx": {"path":"/Users/rockgomes/Dev/Inbank/inbank-loan-app/src/components/loan/AdditionalInfoSection/AdditionalInfoSection.tsx","statementMap":{"0":{"start":{"line":20,"column":2},"end":{"line":20,"column":null}},"1":{"start":{"line":22,"column":2},"end":{"line":22,"column":null}},"2":{"start":{"line":33,"column":2},"end":{"line":70,"column":null}},"3":{"start":{"line":42,"column":27},"end":{"line":42,"column":null}},"4":{"start":{"line":58,"column":27},"end":{"line":58,"column":null}}},"fnMap":{"0":{"name":"AdditionalInfoSection","decl":{"start":{"line":24,"column":16},"end":{"line":24,"column":38}},"loc":{"start":{"line":32,"column":31},"end":{"line":72,"column":null}},"line":32},"1":{"name":"(anonymous_1)","decl":{"start":{"line":42,"column":20},"end":{"line":42,"column":21}},"loc":{"start":{"line":42,"column":27},"end":{"line":42,"column":null}},"line":42},"2":{"name":"(anonymous_2)","decl":{"start":{"line":58,"column":20},"end":{"line":58,"column":21}},"loc":{"start":{"line":58,"column":27},"end":{"line":58,"column":null}},"line":58}},"branchMap":{},"s":{"0":1,"1":1,"2":37,"3":12,"4":6},"f":{"0":37,"1":12,"2":6},"b":{},"meta":{"lastBranch":0,"lastFunction":3,"lastStatement":5,"seen":{"s:20:2:20:Infinity":0,"s:22:2:22:Infinity":1,"f:24:16:24:38":0,"s:33:2:70:Infinity":2,"f:42:20:42:21":1,"s:42:27:42:Infinity":3,"f:58:20:58:21":2,"s:58:27:58:Infinity":4}}}
,"/Users/rockgomes/Dev/Inbank/inbank-loan-app/src/components/loan/AdditionalInfoSection/index.ts": {"path":"/Users/rockgomes/Dev/Inbank/inbank-loan-app/src/components/loan/AdditionalInfoSection/index.ts","statementMap":{},"fnMap":{},"branchMap":{},"s":{},"f":{},"b":{},"meta":{"lastBranch":0,"lastFunction":0,"lastStatement":0,"seen":{}}}
,"/Users/rockgomes/Dev/Inbank/inbank-loan-app/src/components/loan/ComplianceCheckboxes/ComplianceCheckboxes.module.css": {"path":"/Users/rockgomes/Dev/Inbank/inbank-loan-app/src/components/loan/ComplianceCheckboxes/ComplianceCheckboxes.module.css","statementMap":{},"fnMap":{},"branchMap":{},"s":{},"f":{},"b":{},"meta":{"lastBranch":0,"lastFunction":0,"lastStatement":0,"seen":{}}}
,"/Users/rockgomes/Dev/Inbank/inbank-loan-app/src/components/loan/ComplianceCheckboxes/ComplianceCheckboxes.tsx": {"path":"/Users/rockgomes/Dev/Inbank/inbank-loan-app/src/components/loan/ComplianceCheckboxes/ComplianceCheckboxes.tsx","statementMap":{"0":{"start":{"line":20,"column":31},"end":{"line":20,"column":null}},"1":{"start":{"line":21,"column":25},"end":{"line":21,"column":null}},"2":{"start":{"line":23,"column":2},"end":{"line":74,"column":null}},"3":{"start":{"line":29,"column":27},"end":{"line":29,"column":null}},"4":{"start":{"line":55,"column":27},"end":{"line":55,"column":null}},"5":{"start":{"line":68,"column":25},"end":{"line":68,"column":null}}},"fnMap":{"0":{"name":"ComplianceCheckboxes","decl":{"start":{"line":15,"column":16},"end":{"line":15,"column":37}},"loc":{"start":{"line":19,"column":30},"end":{"line":76,"column":null}},"line":19},"1":{"name":"(anonymous_1)","decl":{"start":{"line":29,"column":20},"end":{"line":29,"column":21}},"loc":{"start":{"line":29,"column":27},"end":{"line":29,"column":null}},"line":29},"2":{"name":"(anonymous_2)","decl":{"start":{"line":55,"column":20},"end":{"line":55,"column":21}},"loc":{"start":{"line":55,"column":27},"end":{"line":55,"column":null}},"line":55},"3":{"name":"(anonymous_3)","decl":{"start":{"line":68,"column":18},"end":{"line":68,"column":19}},"loc":{"start":{"line":68,"column":25},"end":{"line":68,"column":null}},"line":68}},"branchMap":{"0":{"loc":{"start":{"line":18,"column":2},"end":{"line":18,"column":null}},"type":"default-arg","locations":[{"start":{"line":18,"column":15},"end":{"line":18,"column":null}}],"line":18},"1":{"loc":{"start":{"line":20,"column":31},"end":{"line":20,"column":null}},"type":"binary-expr","locations":[{"start":{"line":20,"column":31},"end":{"line":20,"column":45}},{"start":{"line":20,"column":45},"end":{"line":20,"column":null}}],"line":20},"2":{"loc":{"start":{"line":21,"column":25},"end":{"line":21,"column":null}},"type":"binary-expr","locations":[{"start":{"line":21,"column":25},"end":{"line":21,"column":39}},{"start":{"line":21,"column":39},"end":{"line":21,"column":null}}],"line":21},"3":{"loc":{"start":{"line":32,"column":9},"end":{"line":35,"column":null}},"type":"binary-expr","locations":[{"start":{"line":32,"column":9},"end":{"line":32,"column":null}},{"start":{"line":33,"column":10},"end":{"line":35,"column":null}}],"line":32},"4":{"loc":{"start":{"line":58,"column":9},"end":{"line":61,"column":null}},"type":"binary-expr","locations":[{"start":{"line":58,"column":9},"end":{"line":58,"column":null}},{"start":{"line":59,"column":10},"end":{"line":61,"column":null}}],"line":58}},"s":{"0":37,"1":37,"2":37,"3":2,"4":2,"5":0},"f":{"0":37,"1":2,"2":2,"3":0},"b":{"0":[37],"1":[37,0],"2":[37,0],"3":[37,0],"4":[37,0]},"meta":{"lastBranch":5,"lastFunction":4,"lastStatement":6,"seen":{"f:15:16:15:37":0,"b:18:15:18:Infinity":0,"s:20:31:20:Infinity":0,"b:20:31:20:45:20:45:20:Infinity":1,"s:21:25:21:Infinity":1,"b:21:25:21:39:21:39:21:Infinity":2,"s:23:2:74:Infinity":2,"f:29:20:29:21":1,"s:29:27:29:Infinity":3,"b:32:9:32:Infinity:33:10:35:Infinity":3,"f:55:20:55:21":2,"s:55:27:55:Infinity":4,"b:58:9:58:Infinity:59:10:61:Infinity":4,"f:68:18:68:19":3,"s:68:25:68:Infinity":5}}}
,"/Users/rockgomes/Dev/Inbank/inbank-loan-app/src/components/loan/ComplianceCheckboxes/index.ts": {"path":"/Users/rockgomes/Dev/Inbank/inbank-loan-app/src/components/loan/ComplianceCheckboxes/index.ts","statementMap":{},"fnMap":{},"branchMap":{},"s":{},"f":{},"b":{},"meta":{"lastBranch":0,"lastFunction":0,"lastStatement":0,"seen":{}}}
,"/Users/rockgomes/Dev/Inbank/inbank-loan-app/src/components/loan/ContactDetailsCard/ContactDetailsCard.module.css": {"path":"/Users/rockgomes/Dev/Inbank/inbank-loan-app/src/components/loan/ContactDetailsCard/ContactDetailsCard.module.css","statementMap":{},"fnMap":{},"branchMap":{},"s":{},"f":{},"b":{},"meta":{"lastBranch":0,"lastFunction":0,"lastStatement":0,"seen":{}}}
,"/Users/rockgomes/Dev/Inbank/inbank-loan-app/src/components/loan/ContactDetailsCard/ContactDetailsCard.tsx": {"path":"/Users/rockgomes/Dev/Inbank/inbank-loan-app/src/components/loan/ContactDetailsCard/ContactDetailsCard.tsx","statementMap":{"0":{"start":{"line":22,"column":2},"end":{"line":56,"column":null}}},"fnMap":{"0":{"name":"ContactDetailsCard","decl":{"start":{"line":14,"column":16},"end":{"line":14,"column":35}},"loc":{"start":{"line":21,"column":28},"end":{"line":58,"column":null}},"line":21}},"branchMap":{"0":{"loc":{"start":{"line":20,"column":2},"end":{"line":20,"column":null}},"type":"default-arg","locations":[{"start":{"line":20,"column":19},"end":{"line":20,"column":null}}],"line":20},"1":{"loc":{"start":{"line":44,"column":7},"end":{"line":54,"column":null}},"type":"binary-expr","locations":[{"start":{"line":44,"column":7},"end":{"line":44,"column":25}},{"start":{"line":44,"column":25},"end":{"line":44,"column":null}},{"start":{"line":45,"column":8},"end":{"line":54,"column":null}}],"line":44}},"s":{"0":37},"f":{"0":37},"b":{"0":[37],"1":[37,0,0]},"meta":{"lastBranch":2,"lastFunction":1,"lastStatement":1,"seen":{"f:14:16:14:35":0,"b:20:19:20:Infinity":0,"s:22:2:56:Infinity":0,"b:44:7:44:25:44:25:44:Infinity:45:8:54:Infinity":1}}}
,"/Users/rockgomes/Dev/Inbank/inbank-loan-app/src/components/loan/ContactDetailsCard/index.ts": {"path":"/Users/rockgomes/Dev/Inbank/inbank-loan-app/src/components/loan/ContactDetailsCard/index.ts","statementMap":{},"fnMap":{},"branchMap":{},"s":{},"f":{},"b":{},"meta":{"lastBranch":0,"lastFunction":0,"lastStatement":0,"seen":{}}}
,"/Users/rockgomes/Dev/Inbank/inbank-loan-app/src/components/ui/Alert/Alert.module.css": {"path":"/Users/rockgomes/Dev/Inbank/inbank-loan-app/src/components/ui/Alert/Alert.module.css","statementMap":{},"fnMap":{},"branchMap":{},"s":{},"f":{},"b":{},"meta":{"lastBranch":0,"lastFunction":0,"lastStatement":0,"seen":{}}}
,"/Users/rockgomes/Dev/Inbank/inbank-loan-app/src/components/ui/Alert/Alert.tsx": {"path":"/Users/rockgomes/Dev/Inbank/inbank-loan-app/src/components/ui/Alert/Alert.tsx","statementMap":{"0":{"start":{"line":12,"column":24},"end":{"line":17,"column":null}},"1":{"start":{"line":13,"column":2},"end":{"line":17,"column":null}},"2":{"start":{"line":27,"column":21},"end":{"line":29,"column":null}},"3":{"start":{"line":31,"column":2},"end":{"line":35,"column":null}}},"fnMap":{"0":{"name":"(anonymous_0)","decl":{"start":{"line":12,"column":24},"end":{"line":12,"column":null}},"loc":{"start":{"line":13,"column":2},"end":{"line":17,"column":null}},"line":13},"1":{"name":"Alert","decl":{"start":{"line":20,"column":16},"end":{"line":20,"column":22}},"loc":{"start":{"line":26,"column":15},"end":{"line":37,"column":null}},"line":26}},"branchMap":{"0":{"loc":{"start":{"line":21,"column":2},"end":{"line":21,"column":null}},"type":"default-arg","locations":[{"start":{"line":21,"column":12},"end":{"line":21,"column":null}}],"line":21},"1":{"loc":{"start":{"line":33,"column":37},"end":{"line":33,"column":65}},"type":"binary-expr","locations":[{"start":{"line":33,"column":37},"end":{"line":33,"column":45}},{"start":{"line":33,"column":45},"end":{"line":33,"column":65}}],"line":33}},"s":{"0":1,"1":0,"2":0,"3":0},"f":{"0":0,"1":0},"b":{"0":[0],"1":[0,0]},"meta":{"lastBranch":2,"lastFunction":2,"lastStatement":4,"seen":{"s:12:24:17:Infinity":0,"f:12:24:12:Infinity":0,"s:13:2:17:Infinity":1,"f:20:16:20:22":1,"b:21:12:21:Infinity":0,"s:27:21:29:Infinity":2,"s:31:2:35:Infinity":3,"b:33:37:33:45:33:45:33:65":1}}}
,"/Users/rockgomes/Dev/Inbank/inbank-loan-app/src/components/ui/Alert/index.ts": {"path":"/Users/rockgomes/Dev/Inbank/inbank-loan-app/src/components/ui/Alert/index.ts","statementMap":{},"fnMap":{},"branchMap":{},"s":{},"f":{},"b":{},"meta":{"lastBranch":0,"lastFunction":0,"lastStatement":0,"seen":{}}}
,"/Users/rockgomes/Dev/Inbank/inbank-loan-app/src/components/ui/Button/Button.module.css": {"path":"/Users/rockgomes/Dev/Inbank/inbank-loan-app/src/components/ui/Button/Button.module.css","statementMap":{},"fnMap":{},"branchMap":{},"s":{},"f":{},"b":{},"meta":{"lastBranch":0,"lastFunction":0,"lastStatement":0,"seen":{}}}
,"/Users/rockgomes/Dev/Inbank/inbank-loan-app/src/components/ui/Button/Button.tsx": {"path":"/Users/rockgomes/Dev/Inbank/inbank-loan-app/src/components/ui/Button/Button.tsx","statementMap":{"0":{"start":{"line":27,"column":21},"end":{"line":36,"column":null}},"1":{"start":{"line":38,"column":2},"end":{"line":47,"column":null}}},"fnMap":{"0":{"name":"Button","decl":{"start":{"line":16,"column":16},"end":{"line":16,"column":23}},"loc":{"start":{"line":26,"column":16},"end":{"line":49,"column":null}},"line":26}},"branchMap":{"0":{"loc":{"start":{"line":17,"column":2},"end":{"line":17,"column":null}},"type":"default-arg","locations":[{"start":{"line":17,"column":12},"end":{"line":17,"column":null}}],"line":17},"1":{"loc":{"start":{"line":18,"column":2},"end":{"line":18,"column":null}},"type":"default-arg","locations":[{"start":{"line":18,"column":9},"end":{"line":18,"column":null}}],"line":18},"2":{"loc":{"start":{"line":20,"column":2},"end":{"line":20,"column":null}},"type":"default-arg","locations":[{"start":{"line":20,"column":17},"end":{"line":20,"column":null}}],"line":20},"3":{"loc":{"start":{"line":21,"column":2},"end":{"line":21,"column":null}},"type":"default-arg","locations":[{"start":{"line":21,"column":14},"end":{"line":21,"column":null}}],"line":21},"4":{"loc":{"start":{"line":31,"column":4},"end":{"line":31,"column":null}},"type":"binary-expr","locations":[{"start":{"line":31,"column":4},"end":{"line":31,"column":17}},{"start":{"line":31,"column":17},"end":{"line":31,"column":null}}],"line":31},"5":{"loc":{"start":{"line":32,"column":4},"end":{"line":32,"column":null}},"type":"binary-expr","locations":[{"start":{"line":32,"column":4},"end":{"line":32,"column":16}},{"start":{"line":32,"column":16},"end":{"line":32,"column":null}}],"line":32},"6":{"loc":{"start":{"line":40,"column":7},"end":{"line":41,"column":null}},"type":"binary-expr","locations":[{"start":{"line":40,"column":7},"end":{"line":40,"column":15}},{"start":{"line":40,"column":15},"end":{"line":40,"column":null}},{"start":{"line":41,"column":8},"end":{"line":41,"column":null}}],"line":40},"7":{"loc":{"start":{"line":44,"column":7},"end":{"line":45,"column":null}},"type":"binary-expr","locations":[{"start":{"line":44,"column":7},"end":{"line":44,"column":15}},{"start":{"line":44,"column":15},"end":{"line":44,"column":null}},{"start":{"line":45,"column":8},"end":{"line":45,"column":null}}],"line":44}},"s":{"0":50,"1":50},"f":{"0":50},"b":{"0":[50],"1":[50],"2":[50],"3":[50],"4":[50,38],"5":[50,36],"6":[50,2,1],"7":[50,2,1]},"meta":{"lastBranch":8,"lastFunction":1,"lastStatement":2,"seen":{"f:16:16:16:23":0,"b:17:12:17:Infinity":0,"b:18:9:18:Infinity":1,"b:20:17:20:Infinity":2,"b:21:14:21:Infinity":3,"s:27:21:36:Infinity":0,"b:31:4:31:17:31:17:31:Infinity":4,"b:32:4:32:16:32:16:32:Infinity":5,"s:38:2:47:Infinity":1,"b:40:7:40:15:40:15:40:Infinity:41:8:41:Infinity":6,"b:44:7:44:15:44:15:44:Infinity:45:8:45:Infinity":7}}}
,"/Users/rockgomes/Dev/Inbank/inbank-loan-app/src/components/ui/Button/index.ts": {"path":"/Users/rockgomes/Dev/Inbank/inbank-loan-app/src/components/ui/Button/index.ts","statementMap":{},"fnMap":{},"branchMap":{},"s":{},"f":{},"b":{},"meta":{"lastBranch":0,"lastFunction":0,"lastStatement":0,"seen":{}}}
,"/Users/rockgomes/Dev/Inbank/inbank-loan-app/src/components/ui/Card/Card.module.css": {"path":"/Users/rockgomes/Dev/Inbank/inbank-loan-app/src/components/ui/Card/Card.module.css","statementMap":{},"fnMap":{},"branchMap":{},"s":{},"f":{},"b":{},"meta":{"lastBranch":0,"lastFunction":0,"lastStatement":0,"seen":{}}}
,"/Users/rockgomes/Dev/Inbank/inbank-loan-app/src/components/ui/Card/Card.tsx": {"path":"/Users/rockgomes/Dev/Inbank/inbank-loan-app/src/components/ui/Card/Card.tsx","statementMap":{"0":{"start":{"line":24,"column":21},"end":{"line":33,"column":null}},"1":{"start":{"line":35,"column":2},"end":{"line":38,"column":null}}},"fnMap":{"0":{"name":"Card","decl":{"start":{"line":15,"column":16},"end":{"line":15,"column":21}},"loc":{"start":{"line":23,"column":14},"end":{"line":40,"column":null}},"line":23}},"branchMap":{"0":{"loc":{"start":{"line":16,"column":2},"end":{"line":16,"column":null}},"type":"default-arg","locations":[{"start":{"line":16,"column":12},"end":{"line":16,"column":null}}],"line":16},"1":{"loc":{"start":{"line":17,"column":2},"end":{"line":17,"column":null}},"type":"default-arg","locations":[{"start":{"line":17,"column":12},"end":{"line":17,"column":null}}],"line":17},"2":{"loc":{"start":{"line":18,"column":2},"end":{"line":18,"column":null}},"type":"default-arg","locations":[{"start":{"line":18,"column":11},"end":{"line":18,"column":null}}],"line":18},"3":{"loc":{"start":{"line":19,"column":2},"end":{"line":19,"column":null}},"type":"default-arg","locations":[{"start":{"line":19,"column":8},"end":{"line":19,"column":null}}],"line":19},"4":{"loc":{"start":{"line":29,"column":4},"end":{"line":29,"column":null}},"type":"binary-expr","locations":[{"start":{"line":29,"column":4},"end":{"line":29,"column":11}},{"start":{"line":29,"column":11},"end":{"line":29,"column":null}}],"line":29}},"s":{"0":37,"1":37},"f":{"0":37},"b":{"0":[37],"1":[37],"2":[37],"3":[37],"4":[37,37]},"meta":{"lastBranch":5,"lastFunction":1,"lastStatement":2,"seen":{"f:15:16:15:21":0,"b:16:12:16:Infinity":0,"b:17:12:17:Infinity":1,"b:18:11:18:Infinity":2,"b:19:8:19:Infinity":3,"s:24:21:33:Infinity":0,"b:29:4:29:11:29:11:29:Infinity":4,"s:35:2:38:Infinity":1}}}
,"/Users/rockgomes/Dev/Inbank/inbank-loan-app/src/components/ui/Card/index.ts": {"path":"/Users/rockgomes/Dev/Inbank/inbank-loan-app/src/components/ui/Card/index.ts","statementMap":{},"fnMap":{},"branchMap":{},"s":{},"f":{},"b":{},"meta":{"lastBranch":0,"lastFunction":0,"lastStatement":0,"seen":{}}}
,"/Users/rockgomes/Dev/Inbank/inbank-loan-app/src/components/ui/Checkbox/Checkbox.module.css": {"path":"/Users/rockgomes/Dev/Inbank/inbank-loan-app/src/components/ui/Checkbox/Checkbox.module.css","statementMap":{},"fnMap":{},"branchMap":{},"s":{},"f":{},"b":{},"meta":{"lastBranch":0,"lastFunction":0,"lastStatement":0,"seen":{}}}
,"/Users/rockgomes/Dev/Inbank/inbank-loan-app/src/components/ui/Checkbox/Checkbox.tsx": {"path":"/Users/rockgomes/Dev/Inbank/inbank-loan-app/src/components/ui/Checkbox/Checkbox.tsx","statementMap":{"0":{"start":{"line":13,"column":18},"end":{"line":25,"column":null}},"1":{"start":{"line":14,"column":2},"end":{"line":25,"column":null}},"2":{"start":{"line":28,"column":13},"end":{"line":66,"column":null}},"3":{"start":{"line":33,"column":10},"end":{"line":33,"column":null}},"4":{"start":{"line":34,"column":15},"end":{"line":34,"column":null}},"5":{"start":{"line":36,"column":29},"end":{"line":43,"column":null}},"6":{"start":{"line":45,"column":4},"end":{"line":63,"column":null}},"7":{"start":{"line":68,"column":0},"end":{"line":68,"column":null}}},"fnMap":{"0":{"name":"(anonymous_0)","decl":{"start":{"line":13,"column":18},"end":{"line":13,"column":null}},"loc":{"start":{"line":14,"column":2},"end":{"line":25,"column":null}},"line":14},"1":{"name":"(anonymous_1)","decl":{"start":{"line":29,"column":2},"end":{"line":29,"column":null}},"loc":{"start":{"line":32,"column":7},"end":{"line":65,"column":null}},"line":32}},"branchMap":{"0":{"loc":{"start":{"line":30,"column":13},"end":{"line":30,"column":28}},"type":"default-arg","locations":[{"start":{"line":30,"column":21},"end":{"line":30,"column":28}}],"line":30},"1":{"loc":{"start":{"line":34,"column":15},"end":{"line":34,"column":null}},"type":"binary-expr","locations":[{"start":{"line":34,"column":15},"end":{"line":34,"column":29}},{"start":{"line":34,"column":29},"end":{"line":34,"column":null}}],"line":34},"2":{"loc":{"start":{"line":38,"column":6},"end":{"line":38,"column":null}},"type":"binary-expr","locations":[{"start":{"line":38,"column":6},"end":{"line":38,"column":15}},{"start":{"line":38,"column":15},"end":{"line":38,"column":null}}],"line":38},"3":{"loc":{"start":{"line":39,"column":6},"end":{"line":39,"column":null}},"type":"binary-expr","locations":[{"start":{"line":39,"column":6},"end":{"line":39,"column":18}},{"start":{"line":39,"column":18},"end":{"line":39,"column":null}}],"line":39},"4":{"loc":{"start":{"line":58,"column":9},"end":{"line":61,"column":null}},"type":"binary-expr","locations":[{"start":{"line":58,"column":9},"end":{"line":58,"column":null}},{"start":{"line":59,"column":10},"end":{"line":61,"column":null}}],"line":58}},"s":{"0":2,"1":123,"2":2,"3":123,"4":123,"5":123,"6":123,"7":2},"f":{"0":123,"1":123},"b":{"0":[123],"1":[123,122],"2":[123,1],"3":[123,2],"4":[123,114]},"meta":{"lastBranch":5,"lastFunction":2,"lastStatement":8,"seen":{"s:13:18:25:Infinity":0,"f:13:18:13:Infinity":0,"s:14:2:25:Infinity":1,"s:28:13:66:Infinity":2,"f:29:2:29:Infinity":1,"b:30:21:30:28":0,"s:33:10:33:Infinity":3,"s:34:15:34:Infinity":4,"b:34:15:34:29:34:29:34:Infinity":1,"s:36:29:43:Infinity":5,"b:38:6:38:15:38:15:38:Infinity":2,"b:39:6:39:18:39:18:39:Infinity":3,"s:45:4:63:Infinity":6,"b:58:9:58:Infinity:59:10:61:Infinity":4,"s:68:0:68:Infinity":7}}}
,"/Users/rockgomes/Dev/Inbank/inbank-loan-app/src/components/ui/Checkbox/index.ts": {"path":"/Users/rockgomes/Dev/Inbank/inbank-loan-app/src/components/ui/Checkbox/index.ts","statementMap":{},"fnMap":{},"branchMap":{},"s":{},"f":{},"b":{},"meta":{"lastBranch":0,"lastFunction":0,"lastStatement":0,"seen":{}}}
,"/Users/rockgomes/Dev/Inbank/inbank-loan-app/src/components/ui/Icon/Icon.module.css": {"path":"/Users/rockgomes/Dev/Inbank/inbank-loan-app/src/components/ui/Icon/Icon.module.css","statementMap":{},"fnMap":{},"branchMap":{},"s":{},"f":{},"b":{},"meta":{"lastBranch":0,"lastFunction":0,"lastStatement":0,"seen":{}}}
,"/Users/rockgomes/Dev/Inbank/inbank-loan-app/src/components/ui/Icon/Icon.tsx": {"path":"/Users/rockgomes/Dev/Inbank/inbank-loan-app/src/components/ui/Icon/Icon.tsx","statementMap":{"0":{"start":{"line":24,"column":51},"end":{"line":32,"column":null}},"1":{"start":{"line":42,"column":24},"end":{"line":42,"column":null}},"2":{"start":{"line":44,"column":2},"end":{"line":47,"column":null}},"3":{"start":{"line":45,"column":4},"end":{"line":45,"column":null}},"4":{"start":{"line":46,"column":4},"end":{"line":46,"column":null}},"5":{"start":{"line":49,"column":21},"end":{"line":51,"column":null}},"6":{"start":{"line":53,"column":20},"end":{"line":56,"column":null}},"7":{"start":{"line":58,"column":2},"end":{"line":61,"column":null}}},"fnMap":{"0":{"name":"Icon","decl":{"start":{"line":34,"column":16},"end":{"line":34,"column":21}},"loc":{"start":{"line":41,"column":14},"end":{"line":63,"column":null}},"line":41}},"branchMap":{"0":{"loc":{"start":{"line":36,"column":2},"end":{"line":36,"column":null}},"type":"default-arg","locations":[{"start":{"line":36,"column":9},"end":{"line":36,"column":null}}],"line":36},"1":{"loc":{"start":{"line":44,"column":2},"end":{"line":47,"column":null}},"type":"if","locations":[{"start":{"line":44,"column":2},"end":{"line":47,"column":null}},{"start":{},"end":{}}],"line":44},"2":{"loc":{"start":{"line":55,"column":8},"end":{"line":55,"column":null}},"type":"binary-expr","locations":[{"start":{"line":55,"column":8},"end":{"line":55,"column":17}},{"start":{"line":55,"column":17},"end":{"line":55,"column":null}}],"line":55}},"s":{"0":1,"1":111,"2":111,"3":0,"4":0,"5":111,"6":111,"7":111},"f":{"0":111},"b":{"0":[111],"1":[0,111],"2":[111,74]},"meta":{"lastBranch":3,"lastFunction":1,"lastStatement":8,"seen":{"s:24:51:32:Infinity":0,"f:34:16:34:21":0,"b:36:9:36:Infinity":0,"s:42:24:42:Infinity":1,"b:44:2:47:Infinity:undefined:undefined:undefined:undefined":1,"s:44:2:47:Infinity":2,"s:45:4:45:Infinity":3,"s:46:4:46:Infinity":4,"s:49:21:51:Infinity":5,"s:53:20:56:Infinity":6,"b:55:8:55:17:55:17:55:Infinity":2,"s:58:2:61:Infinity":7}}}
,"/Users/rockgomes/Dev/Inbank/inbank-loan-app/src/components/ui/Icon/icons.tsx": {"path":"/Users/rockgomes/Dev/Inbank/inbank-loan-app/src/components/ui/Icon/icons.tsx","statementMap":{"0":{"start":{"line":1,"column":24},"end":{"line":14,"column":null}},"1":{"start":{"line":2,"column":2},"end":{"line":14,"column":null}},"2":{"start":{"line":17,"column":29},"end":{"line":30,"column":null}},"3":{"start":{"line":18,"column":2},"end":{"line":30,"column":null}},"4":{"start":{"line":33,"column":28},"end":{"line":49,"column":null}},"5":{"start":{"line":34,"column":2},"end":{"line":49,"column":null}},"6":{"start":{"line":52,"column":28},"end":{"line":66,"column":null}},"7":{"start":{"line":53,"column":2},"end":{"line":66,"column":null}},"8":{"start":{"line":69,"column":21},"end":{"line":82,"column":null}},"9":{"start":{"line":70,"column":2},"end":{"line":82,"column":null}},"10":{"start":{"line":85,"column":30},"end":{"line":99,"column":null}},"11":{"start":{"line":86,"column":2},"end":{"line":99,"column":null}},"12":{"start":{"line":102,"column":25},"end":{"line":114,"column":null}},"13":{"start":{"line":103,"column":2},"end":{"line":114,"column":null}},"14":{"start":{"line":117,"column":26},"end":{"line":170,"column":null}},"15":{"start":{"line":118,"column":2},"end":{"line":170,"column":null}}},"fnMap":{"0":{"name":"(anonymous_0)","decl":{"start":{"line":1,"column":24},"end":{"line":1,"column":null}},"loc":{"start":{"line":2,"column":2},"end":{"line":14,"column":null}},"line":2},"1":{"name":"(anonymous_1)","decl":{"start":{"line":17,"column":29},"end":{"line":17,"column":null}},"loc":{"start":{"line":18,"column":2},"end":{"line":30,"column":null}},"line":18},"2":{"name":"(anonymous_2)","decl":{"start":{"line":33,"column":28},"end":{"line":33,"column":null}},"loc":{"start":{"line":34,"column":2},"end":{"line":49,"column":null}},"line":34},"3":{"name":"(anonymous_3)","decl":{"start":{"line":52,"column":28},"end":{"line":52,"column":null}},"loc":{"start":{"line":53,"column":2},"end":{"line":66,"column":null}},"line":53},"4":{"name":"(anonymous_4)","decl":{"start":{"line":69,"column":21},"end":{"line":69,"column":null}},"loc":{"start":{"line":70,"column":2},"end":{"line":82,"column":null}},"line":70},"5":{"name":"(anonymous_5)","decl":{"start":{"line":85,"column":30},"end":{"line":85,"column":null}},"loc":{"start":{"line":86,"column":2},"end":{"line":99,"column":null}},"line":86},"6":{"name":"(anonymous_6)","decl":{"start":{"line":102,"column":25},"end":{"line":102,"column":null}},"loc":{"start":{"line":103,"column":2},"end":{"line":114,"column":null}},"line":103},"7":{"name":"(anonymous_7)","decl":{"start":{"line":117,"column":26},"end":{"line":117,"column":null}},"loc":{"start":{"line":118,"column":2},"end":{"line":170,"column":null}},"line":118}},"branchMap":{},"s":{"0":1,"1":0,"2":1,"3":37,"4":1,"5":0,"6":1,"7":0,"8":1,"9":0,"10":1,"11":74,"12":1,"13":0,"14":1,"15":0},"f":{"0":0,"1":37,"2":0,"3":0,"4":0,"5":74,"6":0,"7":0},"b":{},"meta":{"lastBranch":0,"lastFunction":8,"lastStatement":16,"seen":{"s:1:24:14:Infinity":0,"f:1:24:1:Infinity":0,"s:2:2:14:Infinity":1,"s:17:29:30:Infinity":2,"f:17:29:17:Infinity":1,"s:18:2:30:Infinity":3,"s:33:28:49:Infinity":4,"f:33:28:33:Infinity":2,"s:34:2:49:Infinity":5,"s:52:28:66:Infinity":6,"f:52:28:52:Infinity":3,"s:53:2:66:Infinity":7,"s:69:21:82:Infinity":8,"f:69:21:69:Infinity":4,"s:70:2:82:Infinity":9,"s:85:30:99:Infinity":10,"f:85:30:85:Infinity":5,"s:86:2:99:Infinity":11,"s:102:25:114:Infinity":12,"f:102:25:102:Infinity":6,"s:103:2:114:Infinity":13,"s:117:26:170:Infinity":14,"f:117:26:117:Infinity":7,"s:118:2:170:Infinity":15}}}
,"/Users/rockgomes/Dev/Inbank/inbank-loan-app/src/components/ui/Icon/index.ts": {"path":"/Users/rockgomes/Dev/Inbank/inbank-loan-app/src/components/ui/Icon/index.ts","statementMap":{},"fnMap":{},"branchMap":{},"s":{},"f":{},"b":{},"meta":{"lastBranch":0,"lastFunction":0,"lastStatement":0,"seen":{}}}
,"/Users/rockgomes/Dev/Inbank/inbank-loan-app/src/components/ui/InbankLogo/InbankLogo.module.css": {"path":"/Users/rockgomes/Dev/Inbank/inbank-loan-app/src/components/ui/InbankLogo/InbankLogo.module.css","statementMap":{},"fnMap":{},"branchMap":{},"s":{},"f":{},"b":{},"meta":{"lastBranch":0,"lastFunction":0,"lastStatement":0,"seen":{}}}
,"/Users/rockgomes/Dev/Inbank/inbank-loan-app/src/components/ui/InbankLogo/InbankLogo.tsx": {"path":"/Users/rockgomes/Dev/Inbank/inbank-loan-app/src/components/ui/InbankLogo/InbankLogo.tsx","statementMap":{"0":{"start":{"line":19,"column":27},"end":{"line":25,"column":null}},"1":{"start":{"line":27,"column":19},"end":{"line":27,"column":null}},"2":{"start":{"line":29,"column":2},"end":{"line":40,"column":null}},"3":{"start":{"line":30,"column":4},"end":{"line":38,"column":null}},"4":{"start":{"line":42,"column":2},"end":{"line":53,"column":null}},"5":{"start":{"line":43,"column":4},"end":{"line":51,"column":null}},"6":{"start":{"line":55,"column":2},"end":{"line":69,"column":null}}},"fnMap":{"0":{"name":"InbankLogo","decl":{"start":{"line":13,"column":16},"end":{"line":13,"column":27}},"loc":{"start":{"line":18,"column":20},"end":{"line":71,"column":null}},"line":18}},"branchMap":{"0":{"loc":{"start":{"line":14,"column":2},"end":{"line":14,"column":null}},"type":"default-arg","locations":[{"start":{"line":14,"column":12},"end":{"line":14,"column":null}}],"line":14},"1":{"loc":{"start":{"line":27,"column":19},"end":{"line":27,"column":null}},"type":"cond-expr","locations":[{"start":{"line":27,"column":28},"end":{"line":27,"column":71}},{"start":{"line":27,"column":71},"end":{"line":27,"column":null}}],"line":27},"2":{"loc":{"start":{"line":29,"column":2},"end":{"line":40,"column":null}},"type":"if","locations":[{"start":{"line":29,"column":2},"end":{"line":40,"column":null}},{"start":{},"end":{}}],"line":29},"3":{"loc":{"start":{"line":42,"column":2},"end":{"line":53,"column":null}},"type":"if","locations":[{"start":{"line":42,"column":2},"end":{"line":53,"column":null}},{"start":{},"end":{}}],"line":42}},"s":{"0":37,"1":37,"2":37,"3":0,"4":37,"5":0,"6":37},"f":{"0":37},"b":{"0":[37],"1":[0,37],"2":[0,37],"3":[0,37]},"meta":{"lastBranch":4,"lastFunction":1,"lastStatement":7,"seen":{"f:13:16:13:27":0,"b:14:12:14:Infinity":0,"s:19:27:25:Infinity":0,"s:27:19:27:Infinity":1,"b:27:28:27:71:27:71:27:Infinity":1,"b:29:2:40:Infinity:undefined:undefined:undefined:undefined":2,"s:29:2:40:Infinity":2,"s:30:4:38:Infinity":3,"b:42:2:53:Infinity:undefined:undefined:undefined:undefined":3,"s:42:2:53:Infinity":4,"s:43:4:51:Infinity":5,"s:55:2:69:Infinity":6}}}
,"/Users/rockgomes/Dev/Inbank/inbank-loan-app/src/components/ui/InbankLogo/index.ts": {"path":"/Users/rockgomes/Dev/Inbank/inbank-loan-app/src/components/ui/InbankLogo/index.ts","statementMap":{},"fnMap":{},"branchMap":{},"s":{},"f":{},"b":{},"meta":{"lastBranch":0,"lastFunction":0,"lastStatement":0,"seen":{}}}
,"/Users/rockgomes/Dev/Inbank/inbank-loan-app/src/components/ui/TextField/TextField.module.css": {"path":"/Users/rockgomes/Dev/Inbank/inbank-loan-app/src/components/ui/TextField/TextField.module.css","statementMap":{},"fnMap":{},"branchMap":{},"s":{},"f":{},"b":{},"meta":{"lastBranch":0,"lastFunction":0,"lastStatement":0,"seen":{}}}
,"/Users/rockgomes/Dev/Inbank/inbank-loan-app/src/components/ui/TextField/TextField.tsx": {"path":"/Users/rockgomes/Dev/Inbank/inbank-loan-app/src/components/ui/TextField/TextField.tsx","statementMap":{"0":{"start":{"line":17,"column":13},"end":{"line":92,"column":null}},"1":{"start":{"line":33,"column":10},"end":{"line":33,"column":null}},"2":{"start":{"line":34,"column":15},"end":{"line":34,"column":null}},"3":{"start":{"line":36,"column":21},"end":{"line":36,"column":null}},"4":{"start":{"line":37,"column":21},"end":{"line":37,"column":null}},"5":{"start":{"line":39,"column":29},"end":{"line":45,"column":null}},"6":{"start":{"line":47,"column":32},"end":{"line":55,"column":null}},"7":{"start":{"line":57,"column":4},"end":{"line":89,"column":null}},"8":{"start":{"line":94,"column":0},"end":{"line":94,"column":null}}},"fnMap":{"0":{"name":"(anonymous_0)","decl":{"start":{"line":18,"column":2},"end":{"line":18,"column":null}},"loc":{"start":{"line":32,"column":7},"end":{"line":91,"column":null}},"line":32}},"branchMap":{"0":{"loc":{"start":{"line":25,"column":6},"end":{"line":25,"column":null}},"type":"default-arg","locations":[{"start":{"line":25,"column":18},"end":{"line":25,"column":null}}],"line":25},"1":{"loc":{"start":{"line":34,"column":15},"end":{"line":34,"column":null}},"type":"binary-expr","locations":[{"start":{"line":34,"column":15},"end":{"line":34,"column":29}},{"start":{"line":34,"column":29},"end":{"line":34,"column":null}}],"line":34},"2":{"loc":{"start":{"line":37,"column":29},"end":{"line":37,"column":62}},"type":"binary-expr","locations":[{"start":{"line":37,"column":29},"end":{"line":37,"column":44}},{"start":{"line":37,"column":44},"end":{"line":37,"column":62}}],"line":37},"3":{"loc":{"start":{"line":41,"column":6},"end":{"line":41,"column":null}},"type":"binary-expr","locations":[{"start":{"line":41,"column":6},"end":{"line":41,"column":19}},{"start":{"line":41,"column":19},"end":{"line":41,"column":null}}],"line":41},"4":{"loc":{"start":{"line":49,"column":6},"end":{"line":49,"column":null}},"type":"binary-expr","locations":[{"start":{"line":49,"column":6},"end":{"line":49,"column":18}},{"start":{"line":49,"column":18},"end":{"line":49,"column":null}}],"line":49},"5":{"loc":{"start":{"line":50,"column":6},"end":{"line":50,"column":null}},"type":"binary-expr","locations":[{"start":{"line":50,"column":6},"end":{"line":50,"column":18}},{"start":{"line":50,"column":18},"end":{"line":50,"column":null}}],"line":50},"6":{"loc":{"start":{"line":51,"column":6},"end":{"line":51,"column":null}},"type":"binary-expr","locations":[{"start":{"line":51,"column":6},"end":{"line":51,"column":18}},{"start":{"line":51,"column":18},"end":{"line":51,"column":null}}],"line":51},"7":{"loc":{"start":{"line":52,"column":6},"end":{"line":52,"column":null}},"type":"binary-expr","locations":[{"start":{"line":52,"column":6},"end":{"line":52,"column":16}},{"start":{"line":52,"column":16},"end":{"line":52,"column":null}}],"line":52},"8":{"loc":{"start":{"line":60,"column":11},"end":{"line":60,"column":null}},"type":"binary-expr","locations":[{"start":{"line":60,"column":11},"end":{"line":60,"column":21}},{"start":{"line":60,"column":21},"end":{"line":60,"column":null}}],"line":60},"9":{"loc":{"start":{"line":68,"column":14},"end":{"line":68,"column":null}},"type":"cond-expr","locations":[{"start":{"line":68,"column":22},"end":{"line":68,"column":38}},{"start":{"line":68,"column":38},"end":{"line":68,"column":null}}],"line":68},"10":{"loc":{"start":{"line":68,"column":38},"end":{"line":68,"column":null}},"type":"cond-expr","locations":[{"start":{"line":68,"column":51},"end":{"line":68,"column":68}},{"start":{"line":68,"column":68},"end":{"line":68,"column":null}}],"line":68},"11":{"loc":{"start":{"line":72,"column":11},"end":{"line":75,"column":null}},"type":"binary-expr","locations":[{"start":{"line":72,"column":11},"end":{"line":72,"column":null}},{"start":{"line":73,"column":12},"end":{"line":75,"column":null}}],"line":72},"12":{"loc":{"start":{"line":77,"column":11},"end":{"line":77,"column":null}},"type":"binary-expr","locations":[{"start":{"line":77,"column":11},"end":{"line":77,"column":21}},{"start":{"line":77,"column":21},"end":{"line":77,"column":null}}],"line":77},"13":{"loc":{"start":{"line":79,"column":9},"end":{"line":82,"column":null}},"type":"binary-expr","locations":[{"start":{"line":79,"column":9},"end":{"line":79,"column":null}},{"start":{"line":80,"column":10},"end":{"line":82,"column":null}}],"line":79},"14":{"loc":{"start":{"line":84,"column":9},"end":{"line":87,"column":null}},"type":"binary-expr","locations":[{"start":{"line":84,"column":9},"end":{"line":84,"column":23}},{"start":{"line":84,"column":23},"end":{"line":84,"column":null}},{"start":{"line":85,"column":10},"end":{"line":87,"column":null}}],"line":84}},"s":{"0":2,"1":90,"2":90,"3":90,"4":90,"5":90,"6":90,"7":90,"8":2},"f":{"0":90},"b":{"0":[90],"1":[90,89],"2":[90,48],"3":[90,75],"4":[90,4],"5":[90,1],"6":[90,42],"7":[90,75],"8":[90,75],"9":[4,86],"10":[1,85],"11":[90,76],"12":[90,75],"13":[90,4],"14":[90,2,1]},"meta":{"lastBranch":15,"lastFunction":1,"lastStatement":9,"seen":{"s:17:13:92:Infinity":0,"f:18:2:18:Infinity":0,"b:25:18:25:Infinity":0,"s:33:10:33:Infinity":1,"s:34:15:34:Infinity":2,"b:34:15:34:29:34:29:34:Infinity":1,"s:36:21:36:Infinity":3,"s:37:21:37:Infinity":4,"b:37:29:37:44:37:44:37:62":2,"s:39:29:45:Infinity":5,"b:41:6:41:19:41:19:41:Infinity":3,"s:47:32:55:Infinity":6,"b:49:6:49:18:49:18:49:Infinity":4,"b:50:6:50:18:50:18:50:Infinity":5,"b:51:6:51:18:51:18:51:Infinity":6,"b:52:6:52:16:52:16:52:Infinity":7,"s:57:4:89:Infinity":7,"b:60:11:60:21:60:21:60:Infinity":8,"b:68:22:68:38:68:38:68:Infinity":9,"b:68:51:68:68:68:68:68:Infinity":10,"b:72:11:72:Infinity:73:12:75:Infinity":11,"b:77:11:77:21:77:21:77:Infinity":12,"b:79:9:79:Infinity:80:10:82:Infinity":13,"b:84:9:84:23:84:23:84:Infinity:85:10:87:Infinity":14,"s:94:0:94:Infinity":8}}}
,"/Users/rockgomes/Dev/Inbank/inbank-loan-app/src/components/ui/TextField/index.ts": {"path":"/Users/rockgomes/Dev/Inbank/inbank-loan-app/src/components/ui/TextField/index.ts","statementMap":{},"fnMap":{},"branchMap":{},"s":{},"f":{},"b":{},"meta":{"lastBranch":0,"lastFunction":0,"lastStatement":0,"seen":{}}}
,"/Users/rockgomes/Dev/Inbank/inbank-loan-app/src/components/ui/Tooltip/Tooltip.module.css": {"path":"/Users/rockgomes/Dev/Inbank/inbank-loan-app/src/components/ui/Tooltip/Tooltip.module.css","statementMap":{},"fnMap":{},"branchMap":{},"s":{},"f":{},"b":{},"meta":{"lastBranch":0,"lastFunction":0,"lastStatement":0,"seen":{}}}
,"/Users/rockgomes/Dev/Inbank/inbank-loan-app/src/components/ui/Tooltip/Tooltip.tsx": {"path":"/Users/rockgomes/Dev/Inbank/inbank-loan-app/src/components/ui/Tooltip/Tooltip.tsx","statementMap":{"0":{"start":{"line":11,"column":32},"end":{"line":11,"column":null}},"1":{"start":{"line":13,"column":27},"end":{"line":13,"column":null}},"2":{"start":{"line":13,"column":33},"end":{"line":13,"column":null}},"3":{"start":{"line":14,"column":27},"end":{"line":14,"column":null}},"4":{"start":{"line":14,"column":33},"end":{"line":14,"column":null}},"5":{"start":{"line":15,"column":22},"end":{"line":15,"column":null}},"6":{"start":{"line":15,"column":28},"end":{"line":15,"column":null}},"7":{"start":{"line":17,"column":2},"end":{"line":32,"column":null}}},"fnMap":{"0":{"name":"Tooltip","decl":{"start":{"line":10,"column":16},"end":{"line":10,"column":24}},"loc":{"start":{"line":10,"column":79},"end":{"line":34,"column":null}},"line":10},"1":{"name":"(anonymous_1)","decl":{"start":{"line":13,"column":27},"end":{"line":13,"column":33}},"loc":{"start":{"line":13,"column":33},"end":{"line":13,"column":null}},"line":13},"2":{"name":"(anonymous_2)","decl":{"start":{"line":14,"column":27},"end":{"line":14,"column":33}},"loc":{"start":{"line":14,"column":33},"end":{"line":14,"column":null}},"line":14},"3":{"name":"(anonymous_3)","decl":{"start":{"line":15,"column":22},"end":{"line":15,"column":28}},"loc":{"start":{"line":15,"column":28},"end":{"line":15,"column":null}},"line":15}},"branchMap":{"0":{"loc":{"start":{"line":10,"column":45},"end":{"line":10,"column":62}},"type":"default-arg","locations":[{"start":{"line":10,"column":56},"end":{"line":10,"column":62}}],"line":10},"1":{"loc":{"start":{"line":27,"column":7},"end":{"line":30,"column":null}},"type":"binary-expr","locations":[{"start":{"line":27,"column":7},"end":{"line":27,"column":null}},{"start":{"line":28,"column":8},"end":{"line":30,"column":null}}],"line":27}},"s":{"0":74,"1":74,"2":0,"3":74,"4":0,"5":74,"6":0,"7":74},"f":{"0":74,"1":0,"2":0,"3":0},"b":{"0":[74],"1":[74,0]},"meta":{"lastBranch":2,"lastFunction":4,"lastStatement":8,"seen":{"f:10:16:10:24":0,"b:10:56:10:62":0,"s:11:32:11:Infinity":0,"s:13:27:13:Infinity":1,"f:13:27:13:33":1,"s:13:33:13:Infinity":2,"s:14:27:14:Infinity":3,"f:14:27:14:33":2,"s:14:33:14:Infinity":4,"s:15:22:15:Infinity":5,"f:15:22:15:28":3,"s:15:28:15:Infinity":6,"s:17:2:32:Infinity":7,"b:27:7:27:Infinity:28:8:30:Infinity":1}}}
,"/Users/rockgomes/Dev/Inbank/inbank-loan-app/src/components/ui/Tooltip/index.ts": {"path":"/Users/rockgomes/Dev/Inbank/inbank-loan-app/src/components/ui/Tooltip/index.ts","statementMap":{},"fnMap":{},"branchMap":{},"s":{},"f":{},"b":{},"meta":{"lastBranch":0,"lastFunction":0,"lastStatement":0,"seen":{}}}
,"/Users/rockgomes/Dev/Inbank/inbank-loan-app/src/contexts/LoanFlowContext.tsx": {"path":"/Users/rockgomes/Dev/Inbank/inbank-loan-app/src/contexts/LoanFlowContext.tsx","statementMap":{"0":{"start":{"line":42,"column":36},"end":{"line":51,"column":null}},"1":{"start":{"line":53,"column":6},"end":{"line":55,"column":null}},"2":{"start":{"line":58,"column":24},"end":{"line":58,"column":null}},"3":{"start":{"line":60,"column":25},"end":{"line":62,"column":null}},"4":{"start":{"line":61,"column":4},"end":{"line":61,"column":null}},"5":{"start":{"line":61,"column":24},"end":{"line":61,"column":55}},"6":{"start":{"line":64,"column":24},"end":{"line":66,"column":null}},"7":{"start":{"line":65,"column":4},"end":{"line":65,"column":null}},"8":{"start":{"line":65,"column":24},"end":{"line":65,"column":56}},"9":{"start":{"line":68,"column":28},"end":{"line":70,"column":null}},"10":{"start":{"line":69,"column":4},"end":{"line":69,"column":null}},"11":{"start":{"line":69,"column":24},"end":{"line":69,"column":58}},"12":{"start":{"line":72,"column":29},"end":{"line":74,"column":null}},"13":{"start":{"line":73,"column":4},"end":{"line":73,"column":null}},"14":{"start":{"line":73,"column":24},"end":{"line":73,"column":62}},"15":{"start":{"line":76,"column":30},"end":{"line":78,"column":null}},"16":{"start":{"line":77,"column":4},"end":{"line":77,"column":null}},"17":{"start":{"line":77,"column":24},"end":{"line":77,"column":63}},"18":{"start":{"line":80,"column":32},"end":{"line":84,"column":null}},"19":{"start":{"line":83,"column":4},"end":{"line":83,"column":null}},"20":{"start":{"line":83,"column":24},"end":{"line":83,"column":66}},"21":{"start":{"line":86,"column":30},"end":{"line":88,"column":null}},"22":{"start":{"line":87,"column":4},"end":{"line":87,"column":null}},"23":{"start":{"line":87,"column":24},"end":{"line":87,"column":64}},"24":{"start":{"line":90,"column":23},"end":{"line":92,"column":null}},"25":{"start":{"line":91,"column":4},"end":{"line":91,"column":null}},"26":{"start":{"line":91,"column":24},"end":{"line":91,"column":47}},"27":{"start":{"line":94,"column":20},"end":{"line":96,"column":null}},"28":{"start":{"line":95,"column":4},"end":{"line":95,"column":null}},"29":{"start":{"line":98,"column":2},"end":{"line":114,"column":null}},"30":{"start":{"line":119,"column":8},"end":{"line":119,"column":null}},"31":{"start":{"line":120,"column":2},"end":{"line":122,"column":null}},"32":{"start":{"line":121,"column":4},"end":{"line":121,"column":null}},"33":{"start":{"line":123,"column":2},"end":{"line":123,"column":null}}},"fnMap":{"0":{"name":"LoanFlowProvider","decl":{"start":{"line":57,"column":16},"end":{"line":57,"column":33}},"loc":{"start":{"line":57,"column":72},"end":{"line":116,"column":null}},"line":57},"1":{"name":"(anonymous_1)","decl":{"start":{"line":60,"column":25},"end":{"line":60,"column":26}},"loc":{"start":{"line":60,"column":52},"end":{"line":62,"column":null}},"line":60},"2":{"name":"(anonymous_2)","decl":{"start":{"line":61,"column":13},"end":{"line":61,"column":14}},"loc":{"start":{"line":61,"column":24},"end":{"line":61,"column":55}},"line":61},"3":{"name":"(anonymous_3)","decl":{"start":{"line":64,"column":24},"end":{"line":64,"column":25}},"loc":{"start":{"line":64,"column":44},"end":{"line":66,"column":null}},"line":64},"4":{"name":"(anonymous_4)","decl":{"start":{"line":65,"column":13},"end":{"line":65,"column":14}},"loc":{"start":{"line":65,"column":24},"end":{"line":65,"column":56}},"line":65},"5":{"name":"(anonymous_5)","decl":{"start":{"line":68,"column":28},"end":{"line":68,"column":29}},"loc":{"start":{"line":68,"column":46},"end":{"line":70,"column":null}},"line":68},"6":{"name":"(anonymous_6)","decl":{"start":{"line":69,"column":13},"end":{"line":69,"column":14}},"loc":{"start":{"line":69,"column":24},"end":{"line":69,"column":58}},"line":69},"7":{"name":"(anonymous_7)","decl":{"start":{"line":72,"column":29},"end":{"line":72,"column":30}},"loc":{"start":{"line":72,"column":76},"end":{"line":74,"column":null}},"line":72},"8":{"name":"(anonymous_8)","decl":{"start":{"line":73,"column":13},"end":{"line":73,"column":14}},"loc":{"start":{"line":73,"column":24},"end":{"line":73,"column":62}},"line":73},"9":{"name":"(anonymous_9)","decl":{"start":{"line":76,"column":30},"end":{"line":76,"column":31}},"loc":{"start":{"line":76,"column":78},"end":{"line":78,"column":null}},"line":76},"10":{"name":"(anonymous_10)","decl":{"start":{"line":77,"column":13},"end":{"line":77,"column":14}},"loc":{"start":{"line":77,"column":24},"end":{"line":77,"column":63}},"line":77},"11":{"name":"(anonymous_11)","decl":{"start":{"line":80,"column":32},"end":{"line":80,"column":null}},"loc":{"start":{"line":82,"column":7},"end":{"line":84,"column":null}},"line":82},"12":{"name":"(anonymous_12)","decl":{"start":{"line":83,"column":13},"end":{"line":83,"column":14}},"loc":{"start":{"line":83,"column":24},"end":{"line":83,"column":66}},"line":83},"13":{"name":"(anonymous_13)","decl":{"start":{"line":86,"column":30},"end":{"line":86,"column":31}},"loc":{"start":{"line":86,"column":53},"end":{"line":88,"column":null}},"line":86},"14":{"name":"(anonymous_14)","decl":{"start":{"line":87,"column":13},"end":{"line":87,"column":14}},"loc":{"start":{"line":87,"column":24},"end":{"line":87,"column":64}},"line":87},"15":{"name":"(anonymous_15)","decl":{"start":{"line":90,"column":23},"end":{"line":90,"column":24}},"loc":{"start":{"line":90,"column":46},"end":{"line":92,"column":null}},"line":90},"16":{"name":"(anonymous_16)","decl":{"start":{"line":91,"column":13},"end":{"line":91,"column":14}},"loc":{"start":{"line":91,"column":24},"end":{"line":91,"column":47}},"line":91},"17":{"name":"(anonymous_17)","decl":{"start":{"line":94,"column":20},"end":{"line":94,"column":26}},"loc":{"start":{"line":94,"column":26},"end":{"line":96,"column":null}},"line":94},"18":{"name":"useLoanFlow","decl":{"start":{"line":118,"column":16},"end":{"line":118,"column":30}},"loc":{"start":{"line":118,"column":30},"end":{"line":124,"column":null}},"line":118}},"branchMap":{"0":{"loc":{"start":{"line":120,"column":2},"end":{"line":122,"column":null}},"type":"if","locations":[{"start":{"line":120,"column":2},"end":{"line":122,"column":null}},{"start":{},"end":{}}],"line":120}},"s":{"0":2,"1":2,"2":30,"3":30,"4":1,"5":1,"6":30,"7":2,"8":2,"9":30,"10":2,"11":2,"12":30,"13":1,"14":1,"15":30,"16":2,"17":2,"18":30,"19":2,"20":2,"21":30,"22":2,"23":2,"24":30,"25":1,"26":1,"27":30,"28":1,"29":30,"30":59,"31":59,"32":2,"33":57},"f":{"0":30,"1":1,"2":1,"3":2,"4":2,"5":2,"6":2,"7":1,"8":1,"9":2,"10":2,"11":2,"12":2,"13":2,"14":2,"15":1,"16":1,"17":1,"18":59},"b":{"0":[2,57]},"meta":{"lastBranch":1,"lastFunction":19,"lastStatement":34,"seen":{"s:42:36:51:Infinity":0,"s:53:6:55:Infinity":1,"f:57:16:57:33":0,"s:58:24:58:Infinity":2,"s:60:25:62:Infinity":3,"f:60:25:60:26":1,"s:61:4:61:Infinity":4,"f:61:13:61:14":2,"s:61:24:61:55":5,"s:64:24:66:Infinity":6,"f:64:24:64:25":3,"s:65:4:65:Infinity":7,"f:65:13:65:14":4,"s:65:24:65:56":8,"s:68:28:70:Infinity":9,"f:68:28:68:29":5,"s:69:4:69:Infinity":10,"f:69:13:69:14":6,"s:69:24:69:58":11,"s:72:29:74:Infinity":12,"f:72:29:72:30":7,"s:73:4:73:Infinity":13,"f:73:13:73:14":8,"s:73:24:73:62":14,"s:76:30:78:Infinity":15,"f:76:30:76:31":9,"s:77:4:77:Infinity":16,"f:77:13:77:14":10,"s:77:24:77:63":17,"s:80:32:84:Infinity":18,"f:80:32:80:Infinity":11,"s:83:4:83:Infinity":19,"f:83:13:83:14":12,"s:83:24:83:66":20,"s:86:30:88:Infinity":21,"f:86:30:86:31":13,"s:87:4:87:Infinity":22,"f:87:13:87:14":14,"s:87:24:87:64":23,"s:90:23:92:Infinity":24,"f:90:23:90:24":15,"s:91:4:91:Infinity":25,"f:91:13:91:14":16,"s:91:24:91:47":26,"s:94:20:96:Infinity":27,"f:94:20:94:26":17,"s:95:4:95:Infinity":28,"s:98:2:114:Infinity":29,"f:118:16:118:30":18,"s:119:8:119:Infinity":30,"b:120:2:122:Infinity:undefined:undefined:undefined:undefined":0,"s:120:2:122:Infinity":31,"s:121:4:121:Infinity":32,"s:123:2:123:Infinity":33}}}
,"/Users/rockgomes/Dev/Inbank/inbank-loan-app/src/pages/PersonalDetailsPage/PersonalDetailsPage.module.css": {"path":"/Users/rockgomes/Dev/Inbank/inbank-loan-app/src/pages/PersonalDetailsPage/PersonalDetailsPage.module.css","statementMap":{},"fnMap":{},"branchMap":{},"s":{},"f":{},"b":{},"meta":{"lastBranch":0,"lastFunction":0,"lastStatement":0,"seen":{}}}
,"/Users/rockgomes/Dev/Inbank/inbank-loan-app/src/pages/PersonalDetailsPage/PersonalDetailsPage.tsx": {"path":"/Users/rockgomes/Dev/Inbank/inbank-loan-app/src/pages/PersonalDetailsPage/PersonalDetailsPage.tsx","statementMap":{"0":{"start":{"line":14,"column":26},"end":{"line":19,"column":null}},"1":{"start":{"line":22,"column":8},"end":{"line":22,"column":null}},"2":{"start":{"line":23,"column":60},"end":{"line":23,"column":null}},"3":{"start":{"line":25,"column":40},"end":{"line":27,"column":null}},"4":{"start":{"line":28,"column":50},"end":{"line":30,"column":null}},"5":{"start":{"line":31,"column":46},"end":{"line":35,"column":null}},"6":{"start":{"line":37,"column":44},"end":{"line":40,"column":null}},"7":{"start":{"line":41,"column":54},"end":{"line":41,"column":null}},"8":{"start":{"line":42,"column":28},"end":{"line":45,"column":null}},"9":{"start":{"line":47,"column":33},"end":{"line":60,"column":null}},"10":{"start":{"line":51,"column":4},"end":{"line":55,"column":null}},"11":{"start":{"line":52,"column":6},"end":{"line":54,"column":null}},"12":{"start":{"line":56,"column":4},"end":{"line":58,"column":null}},"13":{"start":{"line":57,"column":6},"end":{"line":57,"column":null}},"14":{"start":{"line":59,"column":4},"end":{"line":59,"column":null}},"15":{"start":{"line":62,"column":27},"end":{"line":66,"column":null}},"16":{"start":{"line":63,"column":4},"end":{"line":63,"column":null}},"17":{"start":{"line":63,"column":26},"end":{"line":63,"column":59}},"18":{"start":{"line":64,"column":18},"end":{"line":64,"column":null}},"19":{"start":{"line":65,"column":4},"end":{"line":65,"column":null}},"20":{"start":{"line":65,"column":34},"end":{"line":65,"column":68}},"21":{"start":{"line":68,"column":32},"end":{"line":75,"column":null}},"22":{"start":{"line":69,"column":4},"end":{"line":69,"column":null}},"23":{"start":{"line":69,"column":26},"end":{"line":69,"column":64}},"24":{"start":{"line":70,"column":18},"end":{"line":73,"column":null}},"25":{"start":{"line":74,"column":4},"end":{"line":74,"column":null}},"26":{"start":{"line":74,"column":34},"end":{"line":74,"column":73}},"27":{"start":{"line":77,"column":33},"end":{"line":85,"column":null}},"28":{"start":{"line":81,"column":4},"end":{"line":81,"column":null}},"29":{"start":{"line":81,"column":35},"end":{"line":81,"column":63}},"30":{"start":{"line":82,"column":4},"end":{"line":84,"column":null}},"31":{"start":{"line":83,"column":6},"end":{"line":83,"column":null}},"32":{"start":{"line":87,"column":22},"end":{"line":97,"column":null}},"33":{"start":{"line":88,"column":24},"end":{"line":88,"column":null}},"34":{"start":{"line":89,"column":29},"end":{"line":92,"column":null}},"35":{"start":{"line":94,"column":6},"end":{"line":94,"column":null}},"36":{"start":{"line":96,"column":4},"end":{"line":96,"column":null}},"37":{"start":{"line":99,"column":25},"end":{"line":132,"column":null}},"38":{"start":{"line":100,"column":24},"end":{"line":100,"column":null}},"39":{"start":{"line":101,"column":29},"end":{"line":104,"column":null}},"40":{"start":{"line":106,"column":4},"end":{"line":109,"column":null}},"41":{"start":{"line":110,"column":4},"end":{"line":113,"column":null}},"42":{"start":{"line":115,"column":4},"end":{"line":118,"column":null}},"43":{"start":{"line":116,"column":6},"end":{"line":116,"column":null}},"44":{"start":{"line":117,"column":6},"end":{"line":117,"column":null}},"45":{"start":{"line":120,"column":4},"end":{"line":122,"column":null}},"46":{"start":{"line":121,"column":6},"end":{"line":121,"column":null}},"47":{"start":{"line":124,"column":4},"end":{"line":127,"column":null}},"48":{"start":{"line":129,"column":4},"end":{"line":129,"column":null}},"49":{"start":{"line":131,"column":4},"end":{"line":131,"column":null}},"50":{"start":{"line":134,"column":21},"end":{"line":136,"column":null}},"51":{"start":{"line":135,"column":4},"end":{"line":135,"column":null}},"52":{"start":{"line":138,"column":2},"end":{"line":214,"column":null}}},"fnMap":{"0":{"name":"PersonalDetailsPage","decl":{"start":{"line":21,"column":16},"end":{"line":21,"column":38}},"loc":{"start":{"line":21,"column":38},"end":{"line":216,"column":null}},"line":21},"1":{"name":"(anonymous_1)","decl":{"start":{"line":47,"column":33},"end":{"line":47,"column":null}},"loc":{"start":{"line":50,"column":7},"end":{"line":60,"column":null}},"line":50},"2":{"name":"(anonymous_2)","decl":{"start":{"line":62,"column":27},"end":{"line":62,"column":33}},"loc":{"start":{"line":62,"column":33},"end":{"line":66,"column":null}},"line":62},"3":{"name":"(anonymous_3)","decl":{"start":{"line":63,"column":15},"end":{"line":63,"column":16}},"loc":{"start":{"line":63,"column":26},"end":{"line":63,"column":59}},"line":63},"4":{"name":"(anonymous_4)","decl":{"start":{"line":65,"column":23},"end":{"line":65,"column":24}},"loc":{"start":{"line":65,"column":34},"end":{"line":65,"column":68}},"line":65},"5":{"name":"(anonymous_5)","decl":{"start":{"line":68,"column":32},"end":{"line":68,"column":38}},"loc":{"start":{"line":68,"column":38},"end":{"line":75,"column":null}},"line":68},"6":{"name":"(anonymous_6)","decl":{"start":{"line":69,"column":15},"end":{"line":69,"column":16}},"loc":{"start":{"line":69,"column":26},"end":{"line":69,"column":64}},"line":69},"7":{"name":"(anonymous_7)","decl":{"start":{"line":74,"column":23},"end":{"line":74,"column":24}},"loc":{"start":{"line":74,"column":34},"end":{"line":74,"column":73}},"line":74},"8":{"name":"(anonymous_8)","decl":{"start":{"line":77,"column":33},"end":{"line":77,"column":null}},"loc":{"start":{"line":80,"column":7},"end":{"line":85,"column":null}},"line":80},"9":{"name":"(anonymous_9)","decl":{"start":{"line":81,"column":24},"end":{"line":81,"column":25}},"loc":{"start":{"line":81,"column":35},"end":{"line":81,"column":63}},"line":81},"10":{"name":"(anonymous_10)","decl":{"start":{"line":87,"column":22},"end":{"line":87,"column":28}},"loc":{"start":{"line":87,"column":28},"end":{"line":97,"column":null}},"line":87},"11":{"name":"(anonymous_11)","decl":{"start":{"line":99,"column":25},"end":{"line":99,"column":31}},"loc":{"start":{"line":99,"column":31},"end":{"line":132,"column":null}},"line":99},"12":{"name":"(anonymous_12)","decl":{"start":{"line":134,"column":21},"end":{"line":134,"column":27}},"loc":{"start":{"line":134,"column":27},"end":{"line":136,"column":null}},"line":134}},"branchMap":{"0":{"loc":{"start":{"line":26,"column":4},"end":{"line":26,"column":null}},"type":"binary-expr","locations":[{"start":{"line":26,"column":4},"end":{"line":26,"column":45}},{"start":{"line":26,"column":45},"end":{"line":26,"column":null}}],"line":26},"1":{"loc":{"start":{"line":29,"column":4},"end":{"line":29,"column":null}},"type":"binary-expr","locations":[{"start":{"line":29,"column":4},"end":{"line":29,"column":50}},{"start":{"line":29,"column":50},"end":{"line":29,"column":null}}],"line":29},"2":{"loc":{"start":{"line":32,"column":17},"end":{"line":32,"column":null}},"type":"binary-expr","locations":[{"start":{"line":32,"column":17},"end":{"line":32,"column":58}},{"start":{"line":32,"column":58},"end":{"line":32,"column":null}}],"line":32},"3":{"loc":{"start":{"line":33,"column":19},"end":{"line":33,"column":null}},"type":"binary-expr","locations":[{"start":{"line":33,"column":19},"end":{"line":33,"column":62}},{"start":{"line":33,"column":62},"end":{"line":33,"column":null}}],"line":33},"4":{"loc":{"start":{"line":34,"column":22},"end":{"line":34,"column":null}},"type":"binary-expr","locations":[{"start":{"line":34,"column":22},"end":{"line":34,"column":68}},{"start":{"line":34,"column":68},"end":{"line":34,"column":null}}],"line":34},"5":{"loc":{"start":{"line":51,"column":4},"end":{"line":55,"column":null}},"type":"if","locations":[{"start":{"line":51,"column":4},"end":{"line":55,"column":null}},{"start":{},"end":{}}],"line":51},"6":{"loc":{"start":{"line":52,"column":13},"end":{"line":54,"column":null}},"type":"cond-expr","locations":[{"start":{"line":53,"column":10},"end":{"line":53,"column":null}},{"start":{"line":54,"column":10},"end":{"line":54,"column":null}}],"line":52},"7":{"loc":{"start":{"line":56,"column":4},"end":{"line":58,"column":null}},"type":"if","locations":[{"start":{"line":56,"column":4},"end":{"line":58,"column":null}},{"start":{},"end":{}}],"line":56},"8":{"loc":{"start":{"line":56,"column":8},"end":{"line":56,"column":51}},"type":"binary-expr","locations":[{"start":{"line":56,"column":8},"end":{"line":56,"column":32}},{"start":{"line":56,"column":32},"end":{"line":56,"column":51}}],"line":56},"9":{"loc":{"start":{"line":82,"column":4},"end":{"line":84,"column":null}},"type":"if","locations":[{"start":{"line":82,"column":4},"end":{"line":84,"column":null}},{"start":{},"end":{}}],"line":82},"10":{"loc":{"start":{"line":94,"column":6},"end":{"line":94,"column":null}},"type":"binary-expr","locations":[{"start":{"line":94,"column":6},"end":{"line":94,"column":38}},{"start":{"line":94,"column":38},"end":{"line":94,"column":null}}],"line":94},"11":{"loc":{"start":{"line":96,"column":11},"end":{"line":96,"column":null}},"type":"binary-expr","locations":[{"start":{"line":96,"column":11},"end":{"line":96,"column":27}},{"start":{"line":96,"column":27},"end":{"line":96,"column":48}},{"start":{"line":96,"column":48},"end":{"line":96,"column":null}}],"line":96},"12":{"loc":{"start":{"line":115,"column":4},"end":{"line":118,"column":null}},"type":"if","locations":[{"start":{"line":115,"column":4},"end":{"line":118,"column":null}},{"start":{},"end":{}}],"line":115},"13":{"loc":{"start":{"line":115,"column":8},"end":{"line":115,"column":74}},"type":"binary-expr","locations":[{"start":{"line":115,"column":8},"end":{"line":115,"column":41}},{"start":{"line":115,"column":41},"end":{"line":115,"column":74}}],"line":115},"14":{"loc":{"start":{"line":120,"column":4},"end":{"line":122,"column":null}},"type":"if","locations":[{"start":{"line":120,"column":4},"end":{"line":122,"column":null}},{"start":{},"end":{}}],"line":120},"15":{"loc":{"start":{"line":120,"column":8},"end":{"line":120,"column":41}},"type":"binary-expr","locations":[{"start":{"line":120,"column":8},"end":{"line":120,"column":23}},{"start":{"line":120,"column":23},"end":{"line":120,"column":41}}],"line":120},"16":{"loc":{"start":{"line":164,"column":16},"end":{"line":166,"column":null}},"type":"cond-expr","locations":[{"start":{"line":165,"column":20},"end":{"line":165,"column":null}},{"start":{"line":166,"column":20},"end":{"line":166,"column":null}}],"line":164},"17":{"loc":{"start":{"line":164,"column":16},"end":{"line":164,"column":null}},"type":"binary-expr","locations":[{"start":{"line":164,"column":16},"end":{"line":164,"column":41}},{"start":{"line":164,"column":41},"end":{"line":164,"column":null}}],"line":164}},"s":{"0":1,"1":37,"2":37,"3":37,"4":37,"5":37,"6":37,"7":37,"8":37,"9":37,"10":81,"11":33,"12":48,"13":6,"14":42,"15":37,"16":3,"17":3,"18":3,"19":3,"20":3,"21":37,"22":2,"23":2,"24":2,"25":2,"26":2,"27":37,"28":4,"29":4,"30":4,"31":0,"32":37,"33":37,"34":37,"35":37,"36":37,"37":37,"38":1,"39":1,"40":1,"41":1,"42":1,"43":0,"44":0,"45":1,"46":0,"47":1,"48":1,"49":1,"50":37,"51":1,"52":37},"f":{"0":37,"1":81,"2":3,"3":3,"4":3,"5":2,"6":2,"7":2,"8":4,"9":4,"10":37,"11":1,"12":1},"b":{"0":[37,36],"1":[37,36],"2":[37,36],"3":[37,36],"4":[37,37],"5":[33,48],"6":[9,24],"7":[6,42],"8":[48,47],"9":[0,4],"10":[37,5],"11":[37,23,13],"12":[0,1],"13":[1,1],"14":[0,1],"15":[1,1],"16":[16,21],"17":[37,21]},"meta":{"lastBranch":18,"lastFunction":13,"lastStatement":53,"seen":{"s:14:26:19:Infinity":0,"f:21:16:21:38":0,"s:22:8:22:Infinity":1,"s:23:60:23:Infinity":2,"s:25:40:27:Infinity":3,"b:26:4:26:45:26:45:26:Infinity":0,"s:28:50:30:Infinity":4,"b:29:4:29:50:29:50:29:Infinity":1,"s:31:46:35:Infinity":5,"b:32:17:32:58:32:58:32:Infinity":2,"b:33:19:33:62:33:62:33:Infinity":3,"b:34:22:34:68:34:68:34:Infinity":4,"s:37:44:40:Infinity":6,"s:41:54:41:Infinity":7,"s:42:28:45:Infinity":8,"s:47:33:60:Infinity":9,"f:47:33:47:Infinity":1,"b:51:4:55:Infinity:undefined:undefined:undefined:undefined":5,"s:51:4:55:Infinity":10,"s:52:6:54:Infinity":11,"b:53:10:53:Infinity:54:10:54:Infinity":6,"b:56:4:58:Infinity:undefined:undefined:undefined:undefined":7,"s:56:4:58:Infinity":12,"b:56:8:56:32:56:32:56:51":8,"s:57:6:57:Infinity":13,"s:59:4:59:Infinity":14,"s:62:27:66:Infinity":15,"f:62:27:62:33":2,"s:63:4:63:Infinity":16,"f:63:15:63:16":3,"s:63:26:63:59":17,"s:64:18:64:Infinity":18,"s:65:4:65:Infinity":19,"f:65:23:65:24":4,"s:65:34:65:68":20,"s:68:32:75:Infinity":21,"f:68:32:68:38":5,"s:69:4:69:Infinity":22,"f:69:15:69:16":6,"s:69:26:69:64":23,"s:70:18:73:Infinity":24,"s:74:4:74:Infinity":25,"f:74:23:74:24":7,"s:74:34:74:73":26,"s:77:33:85:Infinity":27,"f:77:33:77:Infinity":8,"s:81:4:81:Infinity":28,"f:81:24:81:25":9,"s:81:35:81:63":29,"b:82:4:84:Infinity:undefined:undefined:undefined:undefined":9,"s:82:4:84:Infinity":30,"s:83:6:83:Infinity":31,"s:87:22:97:Infinity":32,"f:87:22:87:28":10,"s:88:24:88:Infinity":33,"s:89:29:92:Infinity":34,"s:94:6:94:Infinity":35,"b:94:6:94:38:94:38:94:Infinity":10,"s:96:4:96:Infinity":36,"b:96:11:96:27:96:27:96:48:96:48:96:Infinity":11,"s:99:25:132:Infinity":37,"f:99:25:99:31":11,"s:100:24:100:Infinity":38,"s:101:29:104:Infinity":39,"s:106:4:109:Infinity":40,"s:110:4:113:Infinity":41,"b:115:4:118:Infinity:undefined:undefined:undefined:undefined":12,"s:115:4:118:Infinity":42,"b:115:8:115:41:115:41:115:74":13,"s:116:6:116:Infinity":43,"s:117:6:117:Infinity":44,"b:120:4:122:Infinity:undefined:undefined:undefined:undefined":14,"s:120:4:122:Infinity":45,"b:120:8:120:23:120:23:120:41":15,"s:121:6:121:Infinity":46,"s:124:4:127:Infinity":47,"s:129:4:129:Infinity":48,"s:131:4:131:Infinity":49,"s:134:21:136:Infinity":50,"f:134:21:134:27":12,"s:135:4:135:Infinity":51,"s:138:2:214:Infinity":52,"b:165:20:165:Infinity:166:20:166:Infinity":16,"b:164:16:164:41:164:41:164:Infinity":17}}}
,"/Users/rockgomes/Dev/Inbank/inbank-loan-app/src/pages/PersonalDetailsPage/index.ts": {"path":"/Users/rockgomes/Dev/Inbank/inbank-loan-app/src/pages/PersonalDetailsPage/index.ts","statementMap":{},"fnMap":{},"branchMap":{},"s":{},"f":{},"b":{},"meta":{"lastBranch":0,"lastFunction":0,"lastStatement":0,"seen":{}}}
}
